#
# There is insufficient memory for the Java Runtime Environment to continue.
# Native memory allocation (malloc) failed to allocate 643696 bytes for Chunk::new
# Possible reasons:
#   The system is out of physical RAM or swap space
#   In 32 bit mode, the process size limit was hit
# Possible solutions:
#   Reduce memory load on the system
#   Increase physical memory or swap space
#   Check if swap backing store is full
#   Use 64 bit Java on a 64 bit OS
#   Decrease Java heap size (-Xmx/-Xms)
#   Decrease number of Java threads
#   Decrease Java thread stack sizes (-Xss)
#   Set larger code cache with -XX:ReservedCodeCacheSize=
# This output file may be truncated or incomplete.
#
#  Out of Memory Error (allocation.cpp:323), pid=12076, tid=11936
#
# JRE version: Java(TM) SE Runtime Environment (7.0_79-b15) (build 1.7.0_79-b15)
# Java VM: Java HotSpot(TM) 64-Bit Server VM (24.79-b02 mixed mode windows-amd64 compressed oops)
# Failed to write core dump. Minidumps are not enabled by default on client versions of Windows
#

---------------  T H R E A D  ---------------

Current thread (0x00000000084c4800):  JavaThread "C2 CompilerThread1" daemon [_thread_in_native, id=11936, stack(0x0000000009510000,0x0000000009610000)]

Stack: [0x0000000009510000,0x0000000009610000]

Current CompileTask:
C2:   7894  177             sun.misc.URLClassPath::getResource (74 bytes)


---------------  P R O C E S S  ---------------

Java Threads: ( => current thread )
  0x000000000a200800 JavaThread "File lock request listener" [_thread_in_native, id=11796, stack(0x000000000be80000,0x000000000bf80000)]
  0x000000000a2cb800 JavaThread "Stdin handler" [_thread_blocked, id=12104, stack(0x000000000bd80000,0x000000000be80000)]
  0x000000000a3c1800 JavaThread "Daemon worker" [_thread_in_vm, id=2092, stack(0x000000000bc80000,0x000000000bd80000)]
  0x000000000a3c0800 JavaThread "Cancel handler" [_thread_blocked, id=12244, stack(0x000000000bb80000,0x000000000bc80000)]
  0x000000000a468800 JavaThread "Handler for socket connection from /127.0.0.1:61158 to /127.0.0.1:61160" [_thread_in_native, id=6508, stack(0x000000000ba80000,0x000000000bb80000)]
  0x0000000009fb5000 JavaThread "Daemon" [_thread_blocked, id=5444, stack(0x000000000b980000,0x000000000ba80000)]
  0x000000000a418800 JavaThread "Incoming local TCP Connector on port 61158" [_thread_in_native, id=9696, stack(0x000000000b7a0000,0x000000000b8a0000)]
  0x00000000084c8800 JavaThread "Service Thread" daemon [_thread_blocked, id=10992, stack(0x0000000009610000,0x0000000009710000)]
=>0x00000000084c4800 JavaThread "C2 CompilerThread1" daemon [_thread_in_native, id=11936, stack(0x0000000009510000,0x0000000009610000)]
  0x00000000084be800 JavaThread "C2 CompilerThread0" daemon [_thread_blocked, id=9516, stack(0x0000000009410000,0x0000000009510000)]
  0x00000000084bc800 JavaThread "Attach Listener" daemon [_thread_blocked, id=11340, stack(0x0000000009310000,0x0000000009410000)]
  0x00000000084b9800 JavaThread "Signal Dispatcher" daemon [_thread_blocked, id=1696, stack(0x0000000009210000,0x0000000009310000)]
  0x0000000008488800 JavaThread "Finalizer" daemon [_thread_blocked, id=6560, stack(0x0000000009110000,0x0000000009210000)]
  0x0000000008480000 JavaThread "Reference Handler" daemon [_thread_blocked, id=12060, stack(0x0000000009010000,0x0000000009110000)]
  0x0000000002210800 JavaThread "main" [_thread_blocked, id=3208, stack(0x00000000020e0000,0x00000000021e0000)]

Other Threads:
  0x000000000847b800 VMThread [stack: 0x0000000008f10000,0x0000000009010000] [id=11920]
  0x00000000084d9800 WatcherThread [stack: 0x0000000009710000,0x0000000009810000] [id=12056]

VM state:not at safepoint (normal execution)

VM Mutex/Monitor currently owned by a thread: None

Heap
 PSYoungGen      total 19456K, used 11985K [0x00000000eaa80000, 0x00000000ec000000, 0x0000000100000000)
  eden space 16896K, 55% used [0x00000000eaa80000,0x00000000eb3b4758,0x00000000ebb00000)
  from space 2560K, 100% used [0x00000000ebb00000,0x00000000ebd80000,0x00000000ebd80000)
  to   space 2560K, 0% used [0x00000000ebd80000,0x00000000ebd80000,0x00000000ec000000)
 ParOldGen       total 43520K, used 7956K [0x00000000c0000000, 0x00000000c2a80000, 0x00000000eaa80000)
  object space 43520K, 18% used [0x00000000c0000000,0x00000000c07c5320,0x00000000c2a80000)
 PSPermGen       total 21504K, used 18197K [0x00000000b0000000, 0x00000000b1500000, 0x00000000c0000000)
  object space 21504K, 84% used [0x00000000b0000000,0x00000000b11c5490,0x00000000b1500000)

Card table byte_map: [0x0000000005310000,0x00000000055a0000] byte_map_base: 0x0000000004d90000

Polling page: 0x00000000001f0000

Code Cache  [0x0000000002310000, 0x0000000002580000, 0x0000000005310000)
 total_blobs=734 nmethods=179 adapters=508 free_code_cache=47329Kb largest_free_block=48439744

Compilation events (10 events):
Event: 7.688 Thread 0x00000000084be800  178             java.lang.String::concat (47 bytes)
Event: 7.694 Thread 0x00000000084be800 nmethod 178 0x00000000023df190 code [0x00000000023df2e0, 0x00000000023df638]
Event: 7.694 Thread 0x00000000084be800  179             java.lang.String::getChars (16 bytes)
Event: 7.696 Thread 0x00000000084be800 nmethod 179 0x00000000023d7310 code [0x00000000023d7460, 0x00000000023d7538]
Event: 7.723 Thread 0x00000000084be800  180             org.codehaus.groovy.reflection.ClassInfo$LocalMap::getFromCache (76 bytes)
Event: 7.727 Thread 0x00000000084be800 nmethod 180 0x00000000023ded90 code [0x00000000023deec0, 0x00000000023df098]
Event: 7.875 Thread 0x00000000084be800  181             java.util.HashMap::addEntry (69 bytes)
Event: 7.880 Thread 0x00000000084be800 nmethod 181 0x00000000024d91d0 code [0x00000000024d9380, 0x00000000024d96e8]
Event: 7.883 Thread 0x00000000084be800  182   !         java.util.zip.ZipFile::getEntry (86 bytes)
Event: 7.891 Thread 0x00000000084be800 nmethod 182 0x00000000024dcdd0 code [0x00000000024dcfc0, 0x00000000024dd738]

GC Heap History (10 events):
Event: 1.518 GC heap before
{Heap before GC invocations=1 (full 0):
 PSYoungGen      total 19456K, used 16896K [0x00000000eaa80000, 0x00000000ec000000, 0x0000000100000000)
  eden space 16896K, 100% used [0x00000000eaa80000,0x00000000ebb00000,0x00000000ebb00000)
  from space 2560K, 0% used [0x00000000ebd80000,0x00000000ebd80000,0x00000000ec000000)
  to   space 2560K, 0% used [0x00000000ebb00000,0x00000000ebb00000,0x00000000ebd80000)
 ParOldGen       total 43520K, used 0K [0x00000000c0000000, 0x00000000c2a80000, 0x00000000eaa80000)
  object space 43520K, 0% used [0x00000000c0000000,0x00000000c0000000,0x00000000c2a80000)
 PSPermGen       total 21504K, used 5248K [0x00000000b0000000, 0x00000000b1500000, 0x00000000c0000000)
  object space 21504K, 24% used [0x00000000b0000000,0x00000000b05200a8,0x00000000b1500000)
Event: 1.528 GC heap after
Heap after GC invocations=1 (full 0):
 PSYoungGen      total 19456K, used 2547K [0x00000000eaa80000, 0x00000000ec000000, 0x0000000100000000)
  eden space 16896K, 0% used [0x00000000eaa80000,0x00000000eaa80000,0x00000000ebb00000)
  from space 2560K, 99% used [0x00000000ebb00000,0x00000000ebd7ced0,0x00000000ebd80000)
  to   space 2560K, 0% used [0x00000000ebd80000,0x00000000ebd80000,0x00000000ec000000)
 ParOldGen       total 43520K, used 126K [0x00000000c0000000, 0x00000000c2a80000, 0x00000000eaa80000)
  object space 43520K, 0% used [0x00000000c0000000,0x00000000c001f818,0x00000000c2a80000)
 PSPermGen       total 21504K, used 5248K [0x00000000b0000000, 0x00000000b1500000, 0x00000000c0000000)
  object space 21504K, 24% used [0x00000000b0000000,0x00000000b05200a8,0x00000000b1500000)
}
Event: 2.249 GC heap before
{Heap before GC invocations=2 (full 0):
 PSYoungGen      total 19456K, used 19443K [0x00000000eaa80000, 0x00000000ec000000, 0x0000000100000000)
  eden space 16896K, 100% used [0x00000000eaa80000,0x00000000ebb00000,0x00000000ebb00000)
  from space 2560K, 99% used [0x00000000ebb00000,0x00000000ebd7ced0,0x00000000ebd80000)
  to   space 2560K, 0% used [0x00000000ebd80000,0x00000000ebd80000,0x00000000ec000000)
 ParOldGen       total 43520K, used 126K [0x00000000c0000000, 0x00000000c2a80000, 0x00000000eaa80000)
  object space 43520K, 0% used [0x00000000c0000000,0x00000000c001f818,0x00000000c2a80000)
 PSPermGen       total 21504K, used 7207K [0x00000000b0000000, 0x00000000b1500000, 0x00000000c0000000)
  object space 21504K, 33% used [0x00000000b0000000,0x00000000b0709eb8,0x00000000b1500000)
Event: 2.260 GC heap after
Heap after GC invocations=2 (full 0):
 PSYoungGen      total 19456K, used 2540K [0x00000000eaa80000, 0x00000000ec000000, 0x0000000100000000)
  eden space 16896K, 0% used [0x00000000eaa80000,0x00000000eaa80000,0x00000000ebb00000)
  from space 2560K, 99% used [0x00000000ebd80000,0x00000000ebffb3f0,0x00000000ec000000)
  to   space 2560K, 0% used [0x00000000ebb00000,0x00000000ebb00000,0x00000000ebd80000)
 ParOldGen       total 43520K, used 527K [0x00000000c0000000, 0x00000000c2a80000, 0x00000000eaa80000)
  object space 43520K, 1% used [0x00000000c0000000,0x00000000c0083c80,0x00000000c2a80000)
 PSPermGen       total 21504K, used 7207K [0x00000000b0000000, 0x00000000b1500000, 0x00000000c0000000)
  object space 21504K, 33% used [0x00000000b0000000,0x00000000b0709eb8,0x00000000b1500000)
}
Event: 4.494 GC heap before
{Heap before GC invocations=3 (full 0):
 PSYoungGen      total 19456K, used 19436K [0x00000000eaa80000, 0x00000000ec000000, 0x0000000100000000)
  eden space 16896K, 99% used [0x00000000eaa80000,0x00000000ebaffc30,0x00000000ebb00000)
  from space 2560K, 99% used [0x00000000ebd80000,0x00000000ebffb3f0,0x00000000ec000000)
  to   space 2560K, 0% used [0x00000000ebb00000,0x00000000ebb00000,0x00000000ebd80000)
 ParOldGen       total 43520K, used 527K [0x00000000c0000000, 0x00000000c2a80000, 0x00000000eaa80000)
  object space 43520K, 1% used [0x00000000c0000000,0x00000000c0083c80,0x00000000c2a80000)
 PSPermGen       total 21504K, used 10117K [0x00000000b0000000, 0x00000000b1500000, 0x00000000c0000000)
  object space 21504K, 47% used [0x00000000b0000000,0x00000000b09e14e8,0x00000000b1500000)
Event: 4.513 GC heap after
Heap after GC invocations=3 (full 0):
 PSYoungGen      total 19456K, used 2544K [0x00000000eaa80000, 0x00000000ec000000, 0x0000000100000000)
  eden space 16896K, 0% used [0x00000000eaa80000,0x00000000eaa80000,0x00000000ebb00000)
  from space 2560K, 99% used [0x00000000ebb00000,0x00000000ebd7c010,0x00000000ebd80000)
  to   space 2560K, 0% used [0x00000000ebd80000,0x00000000ebd80000,0x00000000ec000000)
 ParOldGen       total 43520K, used 1848K [0x00000000c0000000, 0x00000000c2a80000, 0x00000000eaa80000)
  object space 43520K, 4% used [0x00000000c0000000,0x00000000c01ce0c0,0x00000000c2a80000)
 PSPermGen       total 21504K, used 10117K [0x00000000b0000000, 0x00000000b1500000, 0x00000000c0000000)
  object space 21504K, 47% used [0x00000000b0000000,0x00000000b09e14e8,0x00000000b1500000)
}
Event: 5.730 GC heap before
{Heap before GC invocations=4 (full 0):
 PSYoungGen      total 19456K, used 19440K [0x00000000eaa80000, 0x00000000ec000000, 0x0000000100000000)
  eden space 16896K, 100% used [0x00000000eaa80000,0x00000000ebb00000,0x00000000ebb00000)
  from space 2560K, 99% used [0x00000000ebb00000,0x00000000ebd7c010,0x00000000ebd80000)
  to   space 2560K, 0% used [0x00000000ebd80000,0x00000000ebd80000,0x00000000ec000000)
 ParOldGen       total 43520K, used 1848K [0x00000000c0000000, 0x00000000c2a80000, 0x00000000eaa80000)
  object space 43520K, 4% used [0x00000000c0000000,0x00000000c01ce0c0,0x00000000c2a80000)
 PSPermGen       total 21504K, used 14824K [0x00000000b0000000, 0x00000000b1500000, 0x00000000c0000000)
  object space 21504K, 68% used [0x00000000b0000000,0x00000000b0e7a168,0x00000000b1500000)
Event: 5.753 GC heap after
Heap after GC invocations=4 (full 0):
 PSYoungGen      total 19456K, used 2560K [0x00000000eaa80000, 0x00000000ec000000, 0x0000000100000000)
  eden space 16896K, 0% used [0x00000000eaa80000,0x00000000eaa80000,0x00000000ebb00000)
  from space 2560K, 100% used [0x00000000ebd80000,0x00000000ec000000,0x00000000ec000000)
  to   space 2560K, 0% used [0x00000000ebb00000,0x00000000ebb00000,0x00000000ebd80000)
 ParOldGen       total 43520K, used 5632K [0x00000000c0000000, 0x00000000c2a80000, 0x00000000eaa80000)
  object space 43520K, 12% used [0x00000000c0000000,0x00000000c0580328,0x00000000c2a80000)
 PSPermGen       total 21504K, used 14824K [0x00000000b0000000, 0x00000000b1500000, 0x00000000c0000000)
  object space 21504K, 68% used [0x00000000b0000000,0x00000000b0e7a168,0x00000000b1500000)
}
Event: 7.031 GC heap before
{Heap before GC invocations=5 (full 0):
 PSYoungGen      total 19456K, used 19456K [0x00000000eaa80000, 0x00000000ec000000, 0x0000000100000000)
  eden space 16896K, 100% used [0x00000000eaa80000,0x00000000ebb00000,0x00000000ebb00000)
  from space 2560K, 100% used [0x00000000ebd80000,0x00000000ec000000,0x00000000ec000000)
  to   space 2560K, 0% used [0x00000000ebb00000,0x00000000ebb00000,0x00000000ebd80000)
 ParOldGen       total 43520K, used 5632K [0x00000000c0000000, 0x00000000c2a80000, 0x00000000eaa80000)
  object space 43520K, 12% used [0x00000000c0000000,0x00000000c0580328,0x00000000c2a80000)
 PSPermGen       total 21504K, used 16909K [0x00000000b0000000, 0x00000000b1500000, 0x00000000c0000000)
  object space 21504K, 78% used [0x00000000b0000000,0x00000000b1083700,0x00000000b1500000)
Event: 7.058 GC heap after
Heap after GC invocations=5 (full 0):
 PSYoungGen      total 19456K, used 2560K [0x00000000eaa80000, 0x00000000ec000000, 0x0000000100000000)
  eden space 16896K, 0% used [0x00000000eaa80000,0x00000000eaa80000,0x00000000ebb00000)
  from space 2560K, 100% used [0x00000000ebb00000,0x00000000ebd80000,0x00000000ebd80000)
  to   space 2560K, 0% used [0x00000000ebd80000,0x00000000ebd80000,0x00000000ec000000)
 ParOldGen       total 43520K, used 7956K [0x00000000c0000000, 0x00000000c2a80000, 0x00000000eaa80000)
  object space 43520K, 18% used [0x00000000c0000000,0x00000000c07c5320,0x00000000c2a80000)
 PSPermGen       total 21504K, used 16909K [0x00000000b0000000, 0x00000000b1500000, 0x00000000c0000000)
  object space 21504K, 78% used [0x00000000b0000000,0x00000000b1083700,0x00000000b1500000)
}

Deoptimization events (10 events):
Event: 6.555 Thread 0x000000000a3c1800 Uncommon trap: reason=unreached action=reinterpret pc=0x0000000002392940 method=java.net.URI.quote(Ljava/lang/String;JJ)Ljava/lang/String; @ 195
Event: 7.059 Thread 0x000000000a3c1800 Uncommon trap: reason=unreached action=reinterpret pc=0x00000000023b0c04 method=java.lang.AbstractStringBuilder.append(Ljava/lang/String;)Ljava/lang/AbstractStringBuilder; @ 1
Event: 7.059 Thread 0x000000000a3c1800 Uncommon trap: reason=unreached action=reinterpret pc=0x00000000023a56c4 method=java.lang.AbstractStringBuilder.append(Ljava/lang/String;)Ljava/lang/AbstractStringBuilder; @ 1
Event: 7.526 Thread 0x000000000a3c1800 Uncommon trap: reason=class_check action=maybe_recompile pc=0x00000000023b9788 method=sun.misc.URLClassPath.getLoader(I)Lsun/misc/URLClassPath$Loader; @ 94
Event: 7.526 Thread 0x000000000a3c1800 Uncommon trap: reason=class_check action=maybe_recompile pc=0x000000000239c64c method=sun.misc.URLClassPath.getResource(Ljava/lang/String;Z)Lsun/misc/Resource; @ 53
Event: 7.613 Thread 0x000000000a3c1800 Uncommon trap: reason=class_check action=maybe_recompile pc=0x00000000023b9914 method=sun.misc.URLClassPath.getLoader(I)Lsun/misc/URLClassPath$Loader; @ 150
Event: 7.620 Thread 0x000000000a3c1800 Uncommon trap: reason=unreached action=reinterpret pc=0x00000000023bd340 method=java.lang.reflect.Method.equals(Ljava/lang/Object;)Z @ 49
Event: 7.622 Thread 0x000000000a3c1800 Uncommon trap: reason=unreached action=reinterpret pc=0x00000000023bce3c method=java.lang.reflect.Method.equals(Ljava/lang/Object;)Z @ 49
Event: 7.637 Thread 0x000000000a3c1800 Uncommon trap: reason=class_check action=maybe_recompile pc=0x00000000023b9914 method=sun.misc.URLClassPath.getLoader(I)Lsun/misc/URLClassPath$Loader; @ 150
Event: 7.668 Thread 0x000000000a3c1800 Uncommon trap: reason=class_check action=maybe_recompile pc=0x00000000023b9914 method=sun.misc.URLClassPath.getLoader(I)Lsun/misc/URLClassPath$Loader; @ 150

Internal exceptions (10 events):
Event: 7.848 Thread 0x000000000a3c1800 Threw 0x00000000eb06d3f8 at C:\re\jdk7u79\2331\hotspot\src\share\vm\prims\jvm.cpp:1304
Event: 7.848 Thread 0x000000000a3c1800 Threw 0x00000000eb06dd58 at C:\re\jdk7u79\2331\hotspot\src\share\vm\prims\jvm.cpp:1304
Event: 7.870 Thread 0x000000000a3c1800 Threw 0x00000000eb070338 at C:\re\jdk7u79\2331\hotspot\src\share\vm\prims\jvm.cpp:1304
Event: 7.870 Thread 0x000000000a3c1800 Threw 0x00000000eb070d80 at C:\re\jdk7u79\2331\hotspot\src\share\vm\prims\jvm.cpp:1304
Event: 7.873 Thread 0x000000000a3c1800 Threw 0x00000000eb073ed8 at C:\re\jdk7u79\2331\hotspot\src\share\vm\prims\jvm.cpp:1304
Event: 7.873 Thread 0x000000000a3c1800 Threw 0x00000000eb0749b8 at C:\re\jdk7u79\2331\hotspot\src\share\vm\prims\jvm.cpp:1304
Event: 7.873 Thread 0x000000000a3c1800 Threw 0x00000000eb3735d8 at C:\re\jdk7u79\2331\hotspot\src\share\vm\prims\jvm.cpp:1304
Event: 7.873 Thread 0x000000000a3c1800 Threw 0x00000000eb374068 at C:\re\jdk7u79\2331\hotspot\src\share\vm\prims\jvm.cpp:1304
Event: 7.883 Thread 0x000000000a3c1800 Threw 0x00000000eb37a800 at C:\re\jdk7u79\2331\hotspot\src\share\vm\prims\jvm.cpp:1304
Event: 7.883 Thread 0x000000000a3c1800 Threw 0x00000000eb37b478 at C:\re\jdk7u79\2331\hotspot\src\share\vm\prims\jvm.cpp:1304

Events (10 events):
Event: 7.847 loading class 0x00000000098c7750
Event: 7.847 loading class 0x00000000098c7750 done
Event: 7.869 loading class 0x000000000a0c77e0
Event: 7.869 loading class 0x000000000a0c77e0 done
Event: 7.873 loading class 0x000000000a1d0f70
Event: 7.873 loading class 0x000000000a1d0f70 done
Event: 7.873 loading class 0x000000000a04f930
Event: 7.873 loading class 0x000000000a04f930 done
Event: 7.883 loading class 0x0000000009f36d00
Event: 7.883 loading class 0x0000000009f36d00 done


Dynamic libraries:
0x00007ff67aec0000 - 0x00007ff67aef3000 	C:\Program Files\Java\jdk1.7.0_79\bin\java.exe
0x00007ffd25960000 - 0x00007ffd25b21000 	C:\WINDOWS\SYSTEM32\ntdll.dll
0x00007ffd25870000 - 0x00007ffd2591d000 	C:\WINDOWS\system32\KERNEL32.DLL
0x00007ffd22b70000 - 0x00007ffd22d58000 	C:\WINDOWS\system32\KERNELBASE.dll
0x00007ffd25710000 - 0x00007ffd257b7000 	C:\WINDOWS\system32\ADVAPI32.dll
0x00007ffd24340000 - 0x00007ffd243dd000 	C:\WINDOWS\system32\msvcrt.dll
0x00007ffd24440000 - 0x00007ffd2449b000 	C:\WINDOWS\system32\sechost.dll
0x00007ffd25490000 - 0x00007ffd255ac000 	C:\WINDOWS\system32\RPCRT4.dll
0x00007ffd24bc0000 - 0x00007ffd24d16000 	C:\WINDOWS\system32\USER32.dll
0x00007ffd25300000 - 0x00007ffd25486000 	C:\WINDOWS\system32\GDI32.dll
0x00007ffd17b70000 - 0x00007ffd17de4000 	C:\WINDOWS\WinSxS\amd64_microsoft.windows.common-controls_6595b64144ccf1df_6.0.10586.0_none_8c15ae12515e1c22\COMCTL32.dll
0x00007ffd24510000 - 0x00007ffd2478d000 	C:\WINDOWS\system32\combase.dll
0x00007ffd22aa0000 - 0x00007ffd22b0a000 	C:\WINDOWS\system32\bcryptPrimitives.dll
0x00007ffd25920000 - 0x00007ffd2595b000 	C:\WINDOWS\system32\IMM32.DLL
0x0000000060760000 - 0x0000000060832000 	C:\Program Files\Java\jdk1.7.0_79\jre\bin\msvcr100.dll
0x000000005ff80000 - 0x0000000060755000 	C:\Program Files\Java\jdk1.7.0_79\jre\bin\server\jvm.dll
0x00007ffd22dd0000 - 0x00007ffd22dd8000 	C:\WINDOWS\system32\PSAPI.DLL
0x00007ffd19730000 - 0x00007ffd19739000 	C:\WINDOWS\SYSTEM32\WSOCK32.dll
0x00007ffd1ffb0000 - 0x00007ffd1ffd3000 	C:\WINDOWS\SYSTEM32\WINMM.dll
0x00007ffd24a20000 - 0x00007ffd24a8b000 	C:\WINDOWS\system32\WS2_32.dll
0x00007ffd1ff20000 - 0x00007ffd1ff4c000 	C:\WINDOWS\SYSTEM32\WINMMBASE.dll
0x00007ffd22680000 - 0x00007ffd226c3000 	C:\WINDOWS\system32\cfgmgr32.dll
0x000000005ff70000 - 0x000000005ff7f000 	C:\Program Files\Java\jdk1.7.0_79\jre\bin\verify.dll
0x000000005ff40000 - 0x000000005ff68000 	C:\Program Files\Java\jdk1.7.0_79\jre\bin\java.dll
0x000000005ff20000 - 0x000000005ff35000 	C:\Program Files\Java\jdk1.7.0_79\jre\bin\zip.dll
0x000000005ff00000 - 0x000000005ff1a000 	C:\Program Files\Java\jdk1.7.0_79\jre\bin\net.dll
0x00007ffd218b0000 - 0x00007ffd2190c000 	C:\WINDOWS\system32\mswsock.dll
0x000000005fee0000 - 0x000000005fef1000 	C:\Program Files\Java\jdk1.7.0_79\jre\bin\nio.dll
0x00007ffd1cc30000 - 0x00007ffd1cc42000 	C:\Users\NANGHAKA\.gradle\native\19\windows-amd64\native-platform.dll
0x00007ffd244a0000 - 0x00007ffd244f2000 	C:\WINDOWS\system32\SHLWAPI.dll
0x00007ffd1bc20000 - 0x00007ffd1bc58000 	C:\WINDOWS\SYSTEM32\IPHLPAPI.DLL
0x00007ffd24500000 - 0x00007ffd24508000 	C:\WINDOWS\system32\NSI.dll
0x00007ffd1b2d0000 - 0x00007ffd1b2e6000 	C:\WINDOWS\SYSTEM32\dhcpcsvc6.DLL
0x00007ffd1b2b0000 - 0x00007ffd1b2ca000 	C:\WINDOWS\SYSTEM32\dhcpcsvc.DLL
0x00007ffd21960000 - 0x00007ffd21977000 	C:\WINDOWS\SYSTEM32\CRYPTSP.dll
0x00007ffd215f0000 - 0x00007ffd21624000 	C:\WINDOWS\system32\rsaenh.dll
0x00007ffd21b80000 - 0x00007ffd21ba9000 	C:\WINDOWS\SYSTEM32\bcrypt.dll
0x00007ffd21740000 - 0x00007ffd2175f000 	C:\WINDOWS\SYSTEM32\USERENV.dll
0x00007ffd21fd0000 - 0x00007ffd21fe4000 	C:\WINDOWS\system32\profapi.dll
0x00007ffd21a80000 - 0x00007ffd21a8b000 	C:\WINDOWS\SYSTEM32\CRYPTBASE.dll

VM Arguments:
jvm_args: -XX:MaxPermSize=256m -XX:+HeapDumpOnOutOfMemoryError -Xmx1024m -Dfile.encoding=windows-1252 -Duser.country=US -Duser.language=en -Duser.variant 
java_command: org.gradle.launcher.daemon.bootstrap.GradleDaemon 2.8
Launcher Type: SUN_STANDARD

Environment Variables:
PATH=C:\ProgramData\Oracle\Java\javapath;C:\WINDOWS\system32;C:\WINDOWS;C:\WINDOWS\System32\Wbem;C:\WINDOWS\System32\WindowsPowerShell\v1.0\;C:\Program Files (x86)\Skype\Phone\;C:\Program Files\Git\cmd;C:\Program Files (x86)\Fuse\;C:\xampp\php;C:\ProgramData\ComposerSetup\bin;C:\Program Files (x86)\ImageConverter Plus;
USERNAME=NANGHAKA
OS=Windows_NT
PROCESSOR_IDENTIFIER=Intel64 Family 6 Model 15 Stepping 13, GenuineIntel



---------------  S Y S T E M  ---------------

OS: Windows 8.1 , 64 bit Build 9600 

CPU:total 2 (2 cores per cpu, 1 threads per core) family 6 model 15 stepping 13, cmov, cx8, fxsr, mmx, sse, sse2, sse3, ssse3, tsc

Memory: 4k page, physical 4184028k(1246984k free), swap 6903856k(4112k free)

vm_info: Java HotSpot(TM) 64-Bit Server VM (24.79-b02) for windows-amd64 JRE (1.7.0_79-b15), built on Apr 10 2015 12:36:16 by "java_re" with unknown MS VC++:1600

time: Fri Mar 25 18:09:43 2016
elapsed time: 7 seconds

